Started on May 3, 2020 7:03:44 PM
Started by event from 10.74.121.188 ⇒ http://10.74.121.188:8080/github-webhook/ on Sun May 03 19:03:44 UTC 2020
Using strategy: Default
[poll] Last Built Revision: Revision e271580e2d5ca477b3653b6d90b48b6a6bab7c27 (refs/remotes/origin/master)
using credential 660a7868-ef5b-47e7-9f5b-bc4183ad8052
 > git --version # timeout=10
using GIT_SSH to set credentials git hub private key
 > git ls-remote -h -- git@github.gwd.broadcom.net:ESD/TixChangeEndToEnd.git # timeout=10
Found 1 remote heads on git@github.gwd.broadcom.net:ESD/TixChangeEndToEnd.git
[poll] Latest remote head revision on refs/heads/master is: 4b54f3181b00fb35535ee0be3bdd9d6aa31339de
Using strategy: Default
[poll] Last Built Revision: Revision e271580e2d5ca477b3653b6d90b48b6a6bab7c27 (refs/remotes/origin/master)
using credential 660a7868-ef5b-47e7-9f5b-bc4183ad8052
 > git --version # timeout=10
using GIT_SSH to set credentials git hub private key
 > git ls-remote -h -- git@github.gwd.broadcom.net:ESD/TixChangeEndToEnd.git # timeout=10
Found 1 remote heads on git@github.gwd.broadcom.net:ESD/TixChangeEndToEnd.git
[poll] Latest remote head revision on refs/heads/master is: 4b54f3181b00fb35535ee0be3bdd9d6aa31339de
Done. Took 1.2 sec
Changes found
