Started on May 3, 2020 9:14:17 PM
Started by event from 10.74.121.188 ⇒ http://10.74.121.188:8080/github-webhook/ on Sun May 03 21:14:17 UTC 2020
Using strategy: Default
[poll] Last Built Revision: Revision 530465126d80248ec8edeb96e064bb18fb6a13df (refs/remotes/origin/master)
using credential 660a7868-ef5b-47e7-9f5b-bc4183ad8052
 > git --version # timeout=10
using GIT_SSH to set credentials git hub private key
 > git ls-remote -h -- git@github.gwd.broadcom.net:ESD/TixChangeEndToEnd.git # timeout=10
Found 1 remote heads on git@github.gwd.broadcom.net:ESD/TixChangeEndToEnd.git
[poll] Latest remote head revision on refs/heads/master is: 7cb6f9de42326a422fad1f04694ffe706e74736d
Using strategy: Default
[poll] Last Built Revision: Revision 530465126d80248ec8edeb96e064bb18fb6a13df (refs/remotes/origin/master)
using credential 660a7868-ef5b-47e7-9f5b-bc4183ad8052
 > git --version # timeout=10
using GIT_SSH to set credentials git hub private key
 > git ls-remote -h -- git@github.gwd.broadcom.net:ESD/TixChangeEndToEnd.git # timeout=10
Found 1 remote heads on git@github.gwd.broadcom.net:ESD/TixChangeEndToEnd.git
[poll] Latest remote head revision on refs/heads/master is: 7cb6f9de42326a422fad1f04694ffe706e74736d
Done. Took 1.1 sec
Changes found
