Started on May 3, 2020 7:53:38 PM
Started by event from 10.74.121.188 ⇒ http://10.74.121.188:8080/github-webhook/ on Sun May 03 19:53:38 UTC 2020
Using strategy: Default
[poll] Last Built Revision: Revision 4b54f3181b00fb35535ee0be3bdd9d6aa31339de (refs/remotes/origin/master)
using credential 660a7868-ef5b-47e7-9f5b-bc4183ad8052
 > git --version # timeout=10
using GIT_SSH to set credentials git hub private key
 > git ls-remote -h -- git@github.gwd.broadcom.net:ESD/TixChangeEndToEnd.git # timeout=10
Found 1 remote heads on git@github.gwd.broadcom.net:ESD/TixChangeEndToEnd.git
[poll] Latest remote head revision on refs/heads/master is: b7c46c9acbdc21d15a54e69a7e77879c01f7e46a
Using strategy: Default
[poll] Last Built Revision: Revision 4b54f3181b00fb35535ee0be3bdd9d6aa31339de (refs/remotes/origin/master)
using credential 660a7868-ef5b-47e7-9f5b-bc4183ad8052
 > git --version # timeout=10
using GIT_SSH to set credentials git hub private key
 > git ls-remote -h -- git@github.gwd.broadcom.net:ESD/TixChangeEndToEnd.git # timeout=10
Found 1 remote heads on git@github.gwd.broadcom.net:ESD/TixChangeEndToEnd.git
[poll] Latest remote head revision on refs/heads/master is: b7c46c9acbdc21d15a54e69a7e77879c01f7e46a
Done. Took 1.2 sec
Changes found
