Started on May 3, 2020 7:54:58 PM
Started by event from 10.74.121.188 ⇒ http://10.74.121.188:8080/github-webhook/ on Sun May 03 19:54:58 UTC 2020
Using strategy: Default
[poll] Last Built Revision: Revision b7c46c9acbdc21d15a54e69a7e77879c01f7e46a (refs/remotes/origin/master)
using credential 660a7868-ef5b-47e7-9f5b-bc4183ad8052
 > git --version # timeout=10
using GIT_SSH to set credentials git hub private key
 > git ls-remote -h -- git@github.gwd.broadcom.net:ESD/TixChangeEndToEnd.git # timeout=10
Found 1 remote heads on git@github.gwd.broadcom.net:ESD/TixChangeEndToEnd.git
[poll] Latest remote head revision on refs/heads/master is: f59c85923351d81e55cfc6e7b9affda349287d08
Using strategy: Default
[poll] Last Built Revision: Revision b7c46c9acbdc21d15a54e69a7e77879c01f7e46a (refs/remotes/origin/master)
using credential 660a7868-ef5b-47e7-9f5b-bc4183ad8052
 > git --version # timeout=10
using GIT_SSH to set credentials git hub private key
 > git ls-remote -h -- git@github.gwd.broadcom.net:ESD/TixChangeEndToEnd.git # timeout=10
Found 1 remote heads on git@github.gwd.broadcom.net:ESD/TixChangeEndToEnd.git
[poll] Latest remote head revision on refs/heads/master is: f59c85923351d81e55cfc6e7b9affda349287d08
Done. Took 1.2 sec
Changes found
