Started on May 3, 2020 9:04:28 PM
Started by event from 10.74.121.188 ⇒ http://10.74.121.188:8080/github-webhook/ on Sun May 03 21:04:28 UTC 2020
Using strategy: Default
[poll] Last Built Revision: Revision 1c33c2610102f2589c8033ceea79aa2f295e89b7 (refs/remotes/origin/master)
using credential 660a7868-ef5b-47e7-9f5b-bc4183ad8052
 > git --version # timeout=10
using GIT_SSH to set credentials git hub private key
 > git ls-remote -h -- git@github.gwd.broadcom.net:ESD/TixChangeEndToEnd.git # timeout=10
Found 1 remote heads on git@github.gwd.broadcom.net:ESD/TixChangeEndToEnd.git
[poll] Latest remote head revision on refs/heads/master is: f474e1c2c3ba2dae45511cdcd6ccbad9b44d7842
Using strategy: Default
[poll] Last Built Revision: Revision 1c33c2610102f2589c8033ceea79aa2f295e89b7 (refs/remotes/origin/master)
using credential 660a7868-ef5b-47e7-9f5b-bc4183ad8052
 > git --version # timeout=10
using GIT_SSH to set credentials git hub private key
 > git ls-remote -h -- git@github.gwd.broadcom.net:ESD/TixChangeEndToEnd.git # timeout=10
Found 1 remote heads on git@github.gwd.broadcom.net:ESD/TixChangeEndToEnd.git
[poll] Latest remote head revision on refs/heads/master is: f474e1c2c3ba2dae45511cdcd6ccbad9b44d7842
Done. Took 1 sec
Changes found
