Started on May 3, 2020 7:02:45 PM
Started by event from 10.74.121.188 ⇒ http://10.74.121.188:8080/github-webhook/ on Sun May 03 19:02:45 UTC 2020
Using strategy: Default
[poll] Last Built Revision: Revision 206d29849f8a9fb17343c820d62dd1296e464dfe (refs/remotes/origin/master)
using credential 660a7868-ef5b-47e7-9f5b-bc4183ad8052
 > git --version # timeout=10
using GIT_SSH to set credentials git hub private key
 > git ls-remote -h -- git@github.gwd.broadcom.net:ESD/TixChangeEndToEnd.git # timeout=10
Found 1 remote heads on git@github.gwd.broadcom.net:ESD/TixChangeEndToEnd.git
[poll] Latest remote head revision on refs/heads/master is: e271580e2d5ca477b3653b6d90b48b6a6bab7c27
Using strategy: Default
[poll] Last Built Revision: Revision 206d29849f8a9fb17343c820d62dd1296e464dfe (refs/remotes/origin/master)
using credential 660a7868-ef5b-47e7-9f5b-bc4183ad8052
 > git --version # timeout=10
using GIT_SSH to set credentials git hub private key
 > git ls-remote -h -- git@github.gwd.broadcom.net:ESD/TixChangeEndToEnd.git # timeout=10
Found 1 remote heads on git@github.gwd.broadcom.net:ESD/TixChangeEndToEnd.git
[poll] Latest remote head revision on refs/heads/master is: e271580e2d5ca477b3653b6d90b48b6a6bab7c27
Done. Took 1.1 sec
Changes found
