Started on May 3, 2020 9:03:22 PM
Started by event from 10.74.121.188 ⇒ http://10.74.121.188:8080/github-webhook/ on Sun May 03 21:03:22 UTC 2020
Using strategy: Default
[poll] Last Built Revision: Revision 957ba2ec9b2eecf496684b61cedcccd551d97986 (refs/remotes/origin/master)
using credential 660a7868-ef5b-47e7-9f5b-bc4183ad8052
 > git --version # timeout=10
using GIT_SSH to set credentials git hub private key
 > git ls-remote -h -- git@github.gwd.broadcom.net:ESD/TixChangeEndToEnd.git # timeout=10
Found 1 remote heads on git@github.gwd.broadcom.net:ESD/TixChangeEndToEnd.git
[poll] Latest remote head revision on refs/heads/master is: 1c33c2610102f2589c8033ceea79aa2f295e89b7
Using strategy: Default
[poll] Last Built Revision: Revision 957ba2ec9b2eecf496684b61cedcccd551d97986 (refs/remotes/origin/master)
using credential 660a7868-ef5b-47e7-9f5b-bc4183ad8052
 > git --version # timeout=10
using GIT_SSH to set credentials git hub private key
 > git ls-remote -h -- git@github.gwd.broadcom.net:ESD/TixChangeEndToEnd.git # timeout=10
Found 1 remote heads on git@github.gwd.broadcom.net:ESD/TixChangeEndToEnd.git
[poll] Latest remote head revision on refs/heads/master is: 1c33c2610102f2589c8033ceea79aa2f295e89b7
Done. Took 1.1 sec
Changes found
