Started on May 3, 2020 10:14:16 PM
Started by event from 10.74.121.188 ⇒ http://10.74.121.188:8080/github-webhook/ on Sun May 03 22:14:16 UTC 2020
Using strategy: Default
[poll] Last Built Revision: Revision 7cb6f9de42326a422fad1f04694ffe706e74736d (refs/remotes/origin/master)
using credential 660a7868-ef5b-47e7-9f5b-bc4183ad8052
 > git --version # timeout=10
using GIT_SSH to set credentials git hub private key
 > git ls-remote -h -- git@github.gwd.broadcom.net:ESD/TixChangeEndToEnd.git # timeout=10
Found 1 remote heads on git@github.gwd.broadcom.net:ESD/TixChangeEndToEnd.git
[poll] Latest remote head revision on refs/heads/master is: d8424dbbda4ccba63e5ac66207ff43ccd10587f4
Using strategy: Default
[poll] Last Built Revision: Revision 7cb6f9de42326a422fad1f04694ffe706e74736d (refs/remotes/origin/master)
using credential 660a7868-ef5b-47e7-9f5b-bc4183ad8052
 > git --version # timeout=10
using GIT_SSH to set credentials git hub private key
 > git ls-remote -h -- git@github.gwd.broadcom.net:ESD/TixChangeEndToEnd.git # timeout=10
Found 1 remote heads on git@github.gwd.broadcom.net:ESD/TixChangeEndToEnd.git
[poll] Latest remote head revision on refs/heads/master is: d8424dbbda4ccba63e5ac66207ff43ccd10587f4
Done. Took 1.1 sec
Changes found
