Started on May 3, 2020 8:00:32 PM
Started by event from 10.74.121.188 ⇒ http://10.74.121.188:8080/github-webhook/ on Sun May 03 20:00:32 UTC 2020
Using strategy: Default
[poll] Last Built Revision: Revision 65d8a15a2a69b722aaae622db649e085e96cf544 (refs/remotes/origin/master)
using credential 660a7868-ef5b-47e7-9f5b-bc4183ad8052
 > git --version # timeout=10
using GIT_SSH to set credentials git hub private key
 > git ls-remote -h -- git@github.gwd.broadcom.net:ESD/TixChangeEndToEnd.git # timeout=10
Found 1 remote heads on git@github.gwd.broadcom.net:ESD/TixChangeEndToEnd.git
[poll] Latest remote head revision on refs/heads/master is: cae383a1057d7463ebb1aa0ed403f49a86522444
Using strategy: Default
[poll] Last Built Revision: Revision 65d8a15a2a69b722aaae622db649e085e96cf544 (refs/remotes/origin/master)
using credential 660a7868-ef5b-47e7-9f5b-bc4183ad8052
 > git --version # timeout=10
using GIT_SSH to set credentials git hub private key
 > git ls-remote -h -- git@github.gwd.broadcom.net:ESD/TixChangeEndToEnd.git # timeout=10
Found 1 remote heads on git@github.gwd.broadcom.net:ESD/TixChangeEndToEnd.git
[poll] Latest remote head revision on refs/heads/master is: cae383a1057d7463ebb1aa0ed403f49a86522444
Done. Took 1.1 sec
Changes found
